# JRE version: Java(TM) SE Runtime Environment (17.0.8+9) (build 17.0.8+9-LTS-211)
# Java VM: Java HotSpot(TM) 64-Bit Server VM (17.0.8+9-LTS-211, mixed mode, sharing, tiered, compressed oops, compressed class ptrs, g1 gc, windows-amd64)
GC Precious Log:
 CPUs: 12 total, 12 available
 Memory: 16055M
 Large Page Support: Disabled
 NUMA Support: Disabled
 Compressed Oops: Enabled (Zero based)
 Heap Region Size: 4M
 Heap Min Capacity: 8M
 Heap Initial Capacity: 252M
 Heap Max Capacity: 8G
 Pre-touch: Disabled
 Parallel Workers: 10
 Concurrent Workers: 3
 Concurrent Refinement Workers: 10
 Periodic GC: Disabled
Heap:
 garbage-first heap   total 737280K, used 151734K [0x0000000600000000, 0x0000000800000000)
  region size 4096K, 1 young (4096K), 1 survivors (4096K)
 Metaspace       used 107941K, committed 109056K, reserved 1179648K
  class space    used 14810K, committed 15360K, reserved 1048576K
GC Heap History (20 events):
Event: 3313.930 GC heap after
{Heap after GC invocations=84 (full 0):
 garbage-first heap   total 532480K, used 139607K [0x0000000600000000, 0x0000000800000000)
  region size 4096K, 1 young (4096K), 1 survivors (4096K)
 Metaspace       used 107935K, committed 109056K, reserved 1179648K
  class space    used 14810K, committed 15360K, reserved 1048576K
}
Event: 3315.392 GC heap before
{Heap before GC invocations=84 (full 0):
 garbage-first heap   total 532480K, used 454999K [0x0000000600000000, 0x0000000800000000)
  region size 4096K, 78 young (319488K), 1 survivors (4096K)
 Metaspace       used 107936K, committed 109056K, reserved 1179648K
  class space    used 14810K, committed 15360K, reserved 1048576K
}
Event: 3315.400 GC heap after
{Heap after GC invocations=85 (full 0):
 garbage-first heap   total 638976K, used 141652K [0x0000000600000000, 0x0000000800000000)
  region size 4096K, 2 young (8192K), 2 survivors (8192K)
 Metaspace       used 107936K, committed 109056K, reserved 1179648K
  class space    used 14810K, committed 15360K, reserved 1048576K
}
Event: 3316.990 GC heap before
{Heap before GC invocations=86 (full 0):
 garbage-first heap   total 573440K, used 477524K [0x0000000600000000, 0x0000000800000000)
  region size 4096K, 84 young (344064K), 2 survivors (8192K)
 Metaspace       used 107936K, committed 109056K, reserved 1179648K
  class space    used 14810K, committed 15360K, reserved 1048576K
}
Event: 3316.999 GC heap after
{Heap after GC invocations=87 (full 0):
 garbage-first heap   total 573440K, used 143899K [0x0000000600000000, 0x0000000800000000)
  region size 4096K, 2 young (8192K), 2 survivors (8192K)
 Metaspace       used 107936K, committed 109056K, reserved 1179648K
  class space    used 14810K, committed 15360K, reserved 1048576K
}
Event: 3317.059 GC heap before
{Heap before GC invocations=87 (full 0):
 garbage-first heap   total 573440K, used 164379K [0x0000000600000000, 0x0000000800000000)
  region size 4096K, 7 young (28672K), 2 survivors (8192K)
 Metaspace       used 107936K, committed 109056K, reserved 1179648K
  class space    used 14810K, committed 15360K, reserved 1048576K
}
Event: 3317.070 GC heap after
{Heap after GC invocations=88 (full 0):
 garbage-first heap   total 573440K, used 144618K [0x0000000600000000, 0x0000000800000000)
  region size 4096K, 1 young (4096K), 1 survivors (4096K)
 Metaspace       used 107936K, committed 109056K, reserved 1179648K
  class space    used 14810K, committed 15360K, reserved 1048576K
}
Event: 3318.334 GC heap before
{Heap before GC invocations=88 (full 0):
 garbage-first heap   total 573440K, used 484586K [0x0000000600000000, 0x0000000800000000)
  region size 4096K, 84 young (344064K), 1 survivors (4096K)
 Metaspace       used 107936K, committed 109056K, reserved 1179648K
  class space    used 14810K, committed 15360K, reserved 1048576K
}
Event: 3318.339 GC heap after
{Heap after GC invocations=89 (full 0):
 garbage-first heap   total 573440K, used 145569K [0x0000000600000000, 0x0000000800000000)
  region size 4096K, 1 young (4096K), 1 survivors (4096K)
 Metaspace       used 107936K, committed 109056K, reserved 1179648K
  class space    used 14810K, committed 15360K, reserved 1048576K
}
Event: 3319.661 GC heap before
{Heap before GC invocations=90 (full 0):
 garbage-first heap   total 573440K, used 485537K [0x0000000600000000, 0x0000000800000000)
  region size 4096K, 84 young (344064K), 1 survivors (4096K)
 Metaspace       used 107936K, committed 109056K, reserved 1179648K
  class space    used 14810K, committed 15360K, reserved 1048576K
}
Event: 3319.667 GC heap after
{Heap after GC invocations=91 (full 0):
 garbage-first heap   total 573440K, used 147581K [0x0000000600000000, 0x0000000800000000)
  region size 4096K, 1 young (4096K), 1 survivors (4096K)
 Metaspace       used 107936K, committed 109056K, reserved 1179648K
  class space    used 14810K, committed 15360K, reserved 1048576K
}
Event: 3319.734 GC heap before
{Heap before GC invocations=91 (full 0):
 garbage-first heap   total 573440K, used 172157K [0x0000000600000000, 0x0000000800000000)
  region size 4096K, 7 young (28672K), 1 survivors (4096K)
 Metaspace       used 107936K, committed 109056K, reserved 1179648K
  class space    used 14810K, committed 15360K, reserved 1048576K
}
Event: 3319.744 GC heap after
{Heap after GC invocations=92 (full 0):
 garbage-first heap   total 573440K, used 147890K [0x0000000600000000, 0x0000000800000000)
  region size 4096K, 1 young (4096K), 1 survivors (4096K)
 Metaspace       used 107936K, committed 109056K, reserved 1179648K
  class space    used 14810K, committed 15360K, reserved 1048576K
}
Event: 3321.062 GC heap before
{Heap before GC invocations=92 (full 0):
 garbage-first heap   total 573440K, used 487858K [0x0000000600000000, 0x0000000800000000)
  region size 4096K, 84 young (344064K), 1 survivors (4096K)
 Metaspace       used 107938K, committed 109056K, reserved 1179648K
  class space    used 14810K, committed 15360K, reserved 1048576K
}
Event: 3321.071 GC heap after
{Heap after GC invocations=93 (full 0):
 garbage-first heap   total 573440K, used 149585K [0x0000000600000000, 0x0000000800000000)
  region size 4096K, 2 young (8192K), 2 survivors (8192K)
 Metaspace       used 107938K, committed 109056K, reserved 1179648K
  class space    used 14810K, committed 15360K, reserved 1048576K
}
Event: 3322.442 GC heap before
{Heap before GC invocations=94 (full 0):
 garbage-first heap   total 573440K, used 485457K [0x0000000600000000, 0x0000000800000000)
  region size 4096K, 84 young (344064K), 2 survivors (8192K)
 Metaspace       used 107939K, committed 109056K, reserved 1179648K
  class space    used 14810K, committed 15360K, reserved 1048576K
}
Event: 3322.454 GC heap after
{Heap after GC invocations=95 (full 0):
 garbage-first heap   total 573440K, used 151450K [0x0000000600000000, 0x0000000800000000)
  region size 4096K, 2 young (8192K), 2 survivors (8192K)
 Metaspace       used 107939K, committed 109056K, reserved 1179648K
  class space    used 14810K, committed 15360K, reserved 1048576K
}
Event: 3322.525 GC heap before
{Heap before GC invocations=95 (full 0):
 garbage-first heap   total 573440K, used 171930K [0x0000000600000000, 0x0000000800000000)
  region size 4096K, 7 young (28672K), 2 survivors (8192K)
 Metaspace       used 107939K, committed 109056K, reserved 1179648K
  class space    used 14810K, committed 15360K, reserved 1048576K
}
Event: 3322.549 GC heap after
{Heap after GC invocations=96 (full 0):
 garbage-first heap   total 573440K, used 149936K [0x0000000600000000, 0x0000000800000000)
  region size 4096K, 1 young (4096K), 1 survivors (4096K)
 Metaspace       used 107939K, committed 109056K, reserved 1179648K
  class space    used 14810K, committed 15360K, reserved 1048576K
}
Event: 3324.044 GC heap before
{Heap before GC invocations=96 (full 0):
 garbage-first heap   total 573440K, used 489904K [0x0000000600000000, 0x0000000800000000)
  region size 4096K, 84 young (344064K), 1 survivors (4096K)
 Metaspace       used 107941K, committed 109056K, reserved 1179648K
  class space    used 14810K, committed 15360K, reserved 1048576K
}

